<?xml version="1.0" encoding="UTF-8"?>
<testsuite xmlns:xsi="http://www.w3.org/2001/XMLSchema-instance" xsi:noNamespaceSchemaLocation="https://maven.apache.org/surefire/maven-surefire-plugin/xsd/surefire-test-report.xsd" name="com.vytrack.runners.FailedTestRunner" time="78.469" tests="3" errors="0" skipped="0" failures="3">
  <properties>
[...]
</properties>
  <testcase name="Login with different users sales manager" classname="Account types" time="25.797">
    <failure message="Actual title:Dashboard" type="java.lang.AssertionError">java.lang.AssertionError: Actual title:Dashboard
</failure>
    <system-out><![CDATA[This is coming from BEFORE
]]></system-out>
    <system-err><![CDATA[Starting ChromeDriver 79.0.3945.36 (3582db32b33893869b8c1339e8f4d9ed1816f143-refs/branch-heads/3945@{#614}) on port 46165
Only local connections are allowed.
Please protect ports used by ChromeDriver and related test frameworks to prevent access by malicious code.
[1579726361.827][WARNING]: Timed out connecting to Chrome, retrying...
Jan 22, 2020 9:52:43 PM org.openqa.selenium.remote.ProtocolHandshake createSession
INFO: Detected dialect: W3C
]]></system-err>
  </testcase>
  <testcase name="Login with different users store manager" classname="Account types" time="26.086">
    <failure message="Actual title:Dashboard" type="java.lang.AssertionError">java.lang.AssertionError: Actual title:Dashboard
</failure>
    <system-out><![CDATA[This is coming from BEFORE
]]></system-out>
    <system-err><![CDATA[Starting ChromeDriver 79.0.3945.36 (3582db32b33893869b8c1339e8f4d9ed1816f143-refs/branch-heads/3945@{#614}) on port 40221
Only local connections are allowed.
Please protect ports used by ChromeDriver and related test frameworks to prevent access by malicious code.
[1579726387.626][WARNING]: Timed out connecting to Chrome, retrying...
Jan 22, 2020 9:53:09 PM org.openqa.selenium.remote.ProtocolHandshake createSession
INFO: Detected dialect: W3C
]]></system-err>
  </testcase>
  <testcase name="Login with different users store manager" classname="Account types" time="26.575">
    <failure message="Actual title:Dashboard" type="java.lang.AssertionError">java.lang.AssertionError: Actual title:Dashboard
</failure>
    <system-out><![CDATA[This is coming from BEFORE
]]></system-out>
    <system-err><![CDATA[Starting ChromeDriver 79.0.3945.36 (3582db32b33893869b8c1339e8f4d9ed1816f143-refs/branch-heads/3945@{#614}) on port 15704
Only local connections are allowed.
Please protect ports used by ChromeDriver and related test frameworks to prevent access by malicious code.
[1579726413.754][WARNING]: Timed out connecting to Chrome, retrying...
Jan 22, 2020 9:53:35 PM org.openqa.selenium.remote.ProtocolHandshake createSession
INFO: Detected dialect: W3C
]]></system-err>
  </testcase>
</testsuite>